<?xml version="1.0" encoding="UTF-8"?>
<!-- Generated by org.testng.reporters.JUnitXMLReporter -->
<testsuite ignored="12" hostname="DESKTOP-FM5QVT6" failures="0" tests="1" name="Default test" time="41.94" errors="0" timestamp="2024-11-12T22:44:27 GMT+03:00">
  <testcase classname="Mytestcases" name="IFrame" time="25.059"/>
  <testcase classname="Mytestcases" name="MouseHover" time="0.0">
    <ignored/>
  </testcase> <!-- MouseHover -->
  <testcase classname="Mytestcases" name="SwitchTab" time="0.0">
    <ignored/>
  </testcase> <!-- SwitchTab -->
  <testcase classname="Mytestcases" name="ElementDisplayed" time="0.0">
    <ignored/>
  </testcase> <!-- ElementDisplayed -->
  <testcase classname="Mytestcases" name="WebTable" time="0.0">
    <ignored/>
  </testcase> <!-- WebTable -->
  <testcase classname="Mytestcases" name="DynamicDropdown" time="0.0">
    <ignored/>
  </testcase> <!-- DynamicDropdown -->
  <testcase classname="Mytestcases" name="SelectTag" time="0.0">
    <ignored/>
  </testcase> <!-- SelectTag -->
  <testcase classname="Mytestcases" name="Checkbox" time="0.0">
    <ignored/>
  </testcase> <!-- Checkbox -->
  <testcase classname="Mytestcases" name="RadioButton" time="0.0">
    <ignored/>
  </testcase> <!-- RadioButton -->
  <testcase classname="Mytestcases" name="Enabled_Disabled" time="0.0">
    <ignored/>
  </testcase> <!-- Enabled_Disabled -->
  <testcase classname="Mytestcases" name="SwitchAlert" time="0.0">
    <ignored/>
  </testcase> <!-- SwitchAlert -->
  <testcase classname="Mytestcases" name="SwitchWindow" time="0.0">
    <ignored/>
  </testcase> <!-- SwitchWindow -->
  <testcase classname="Mytestcases" name="Calender" time="0.0">
    <ignored/>
  </testcase> <!-- Calender -->
</testsuite> <!-- Default test -->
