<?xml version="1.0" encoding="UTF-8"?>
<!-- Generated by org.testng.reporters.JUnitXMLReporter -->
<testsuite ignored="2" hostname="DESKTOP-FM5QVT6" failures="0" tests="1" name="Default test" time="39.898" errors="0" timestamp="2024-11-09T23:45:59 GMT+03:00">
  <testcase classname="Mytestcases" name="SelectTag" time="3.678"/>
  <testcase classname="Mytestcases" name="DynamicDropdown" time="0.0">
    <ignored/>
  </testcase> <!-- DynamicDropdown -->
  <testcase classname="Mytestcases" name="RadioButton" time="0.0">
    <ignored/>
  </testcase> <!-- RadioButton -->
</testsuite> <!-- Default test -->
